<?xml version="1.0" encoding="UTF-8"?>
<testsuite xmlns:xsi="http://www.w3.org/2001/XMLSchema-instance" xsi:noNamespaceSchemaLocation="https://maven.apache.org/surefire/maven-surefire-plugin/xsd/surefire-test-report-3.0.xsd" version="3.0" name="com.CajaTest" time="0.013" tests="3" errors="0" skipped="0" failures="0">
  <properties>
[...]
</properties>
  <testcase name="testTamañoCajaVacia" classname="com.CajaTest" time="0.002"/>
  <testcase name="testAgregarYObtenerCorreo" classname="com.CajaTest" time="0.006">
    <system-out><![CDATA[Correo agregado: Correo 1
Correo agregado: Correo 2
]]></system-out>
  </testcase>
  <testcase name="testObtenerTodosLosCorreos" classname="com.CajaTest" time="0.001">
    <system-out><![CDATA[Correo agregado: Correo 1
Correo agregado: Correo 2
]]></system-out>
  </testcase>
</testsuite>